<?xml version="1.0" encoding="UTF-8"?>
<testng-results ignored="0" total="1" passed="1" failed="0" skipped="0">
  <reporter-output>
  </reporter-output>
  <suite started-at="2026-03-13T18:00:54 IST" name="Suite" finished-at="2026-03-13T18:01:15 IST" duration-ms="20727">
    <groups>
    </groups>
    <test started-at="2026-03-13T18:00:54 IST" name="Test" finished-at="2026-03-13T18:01:15 IST" duration-ms="20727">
      <class name="testCases.UPCLogin">
        <test-method is-config="true" signature="Setup(java.lang.String,java.lang.String)[pri:0, instance:testCases.UPCLogin@29a0cdb]" started-at="2026-03-13T18:00:54 IST" name="Setup" finished-at="2026-03-13T18:01:07 IST" duration-ms="13035" status="PASS">
          <params>
            <param index="0">
              <value>
                <![CDATA[Windows]]>
              </value>
            </param>
            <param index="1">
              <value>
                <![CDATA[chrome]]>
              </value>
            </param>
          </params>
          <reporter-output>
          </reporter-output>
        </test-method> <!-- Setup -->
        <test-method signature="TestUPCLogin()[pri:0, instance:testCases.UPCLogin@29a0cdb]" started-at="2026-03-13T18:01:07 IST" name="TestUPCLogin" finished-at="2026-03-13T18:01:14 IST" duration-ms="7152" status="PASS">
          <reporter-output>
          </reporter-output>
        </test-method> <!-- TestUPCLogin -->
        <test-method is-config="true" signature="Exit()[pri:0, instance:testCases.UPCLogin@29a0cdb]" started-at="2026-03-13T18:01:14 IST" name="Exit" finished-at="2026-03-13T18:01:15 IST" duration-ms="487" status="PASS">
          <reporter-output>
          </reporter-output>
        </test-method> <!-- Exit -->
      </class> <!-- testCases.UPCLogin -->
    </test> <!-- Test -->
  </suite> <!-- Suite -->
</testng-results>
